app/build/outputs/logs/manifest-merger-debug-report.txt
-- Merging decision tree log ---
manifest
ADDED from src/main/AndroidManifest.xml:2:1-278:12
	package
		ADDED from src/main/AndroidManifest.xml:5:5-47
		INJECTED from src/main/AndroidManifest.xml
		INJECTED from src/main/AndroidManifest.xml
	android:versionName
		INJECTED from src/main/AndroidManifest.xml
		INJECTED from src/main/AndroidManifest.xml
	xmlns:tools
		ADDED from src/main/AndroidManifest.xml:3:5-51
	xmlns:android
		ADDED from src/main/AndroidManifest.xml:2:11-69
	android:versionCode
		INJECTED from src/main/AndroidManifest.xml
		INJECTED from src/main/AndroidManifest.xml
uses-permission#android.permission.MANAGE_ACCOUNTS
ADDED from src/main/AndroidManifest.xml:9:5-74
	android:name
		ADDED from src/main/AndroidManifest.xml:9:22-71
uses-permission#android.permission.READ_EXTERNAL_STORAGE
ADDED from src/main/AndroidManifest.xml:11:5-80
	android:name
		ADDED from src/main/AndroidManifest.xml:11:22-77
uses-permission#android.permission.CHANGE_NETWORK_STATE
ADDED from src/main/AndroidManifest.xml:12:5-79
	android:name
		ADDED from src/main/AndroidManifest.xml:12:22-76
uses-permission#android.permission.CHANGE_WIFI_STATE
ADDED from src/main/AndroidManifest.xml:13:5-76
	android:name
		ADDED from src/main/AndroidManifest.xml:13:22-73
uses-permission#android.permission.ACCESS_WIFI_STATE
ADDED from src/main/AndroidManifest.xml:14:5-76
	android:name
		ADDED from src/main/AndroidManifest.xml:14:22-73
uses-permission#android.permission.INTERNET
ADDED from src/main/AndroidManifest.xml:15:5-67
	android:name
		ADDED from src/main/AndroidManifest.xml:15:22-64
uses-permission#android.permission.ACCESS_NETWORK_STATE
ADDED from src/main/AndroidManifest.xml:16:5-79
MERGED from [fm.jiecao:jiecaovideoplayer:3.6.1] AndroidManifest.xml:11:5-79
	android:name
		ADDED from src/main/AndroidManifest.xml:16:22-76
uses-permission#android.permission.GET_ACCOUNTS
ADDED from src/main/AndroidManifest.xml:17:5-71
	android:name
		ADDED from src/main/AndroidManifest.xml:17:22-68
uses-permission#android.permission.READ_PHONE_STATE
ADDED from src/main/AndroidManifest.xml:18:5-75
	android:name
		ADDED from src/main/AndroidManifest.xml:18:22-72
uses-permission#android.permission.RECEIVE_BOOT_COMPLETED
ADDED from src/main/AndroidManifest.xml:19:5-81
	android:name
		ADDED from src/main/AndroidManifest.xml:19:22-78
uses-permission#android.permission.BROADCAST_STICKY
ADDED from src/main/AndroidManifest.xml:20:5-75
	android:name
		ADDED from src/main/AndroidManifest.xml:20:22-72
uses-permission#android.permission.WRITE_SETTINGS
ADDED from src/main/AndroidManifest.xml:21:5-73
	android:name
		ADDED from src/main/AndroidManifest.xml:21:22-70
uses-permission#android.permission.RECEIVE_USER_PRESENT
ADDED from src/main/AndroidManifest.xml:22:5-79
	android:name
		ADDED from src/main/AndroidManifest.xml:22:22-76
uses-permission#android.permission.KILL_BACKGROUND_PROCESSES
ADDED from src/main/AndroidManifest.xml:23:5-84
	android:name
		ADDED from src/main/AndroidManifest.xml:23:22-81
uses-permission#android.permission.READ_LOGS
ADDED from src/main/AndroidManifest.xml:24:5-68
	android:name
		ADDED from src/main/AndroidManifest.xml:24:22-65
uses-permission#android.permission.BLUETOOTH
ADDED from src/main/AndroidManifest.xml:25:5-68
	android:name
		ADDED from src/main/AndroidManifest.xml:25:22-65
uses-permission#android.permission.MODIFY_AUDIO_SETTINGS
ADDED from src/main/AndroidManifest.xml:26:5-80
	android:name
		ADDED from src/main/AndroidManifest.xml:26:22-77
uses-permission#android.permission.READ_CONTACTS
ADDED from src/main/AndroidManifest.xml:27:5-72
	android:name
		ADDED from src/main/AndroidManifest.xml:27:22-69
uses-permission#android.permission.RECEIVE_SMS
ADDED from src/main/AndroidManifest.xml:28:5-70
	android:name
		ADDED from src/main/AndroidManifest.xml:28:22-67
uses-permission#android.permission.WAKE_LOCK
ADDED from src/main/AndroidManifest.xml:32:5-68
	android:name
		ADDED from src/main/AndroidManifest.xml:32:22-65
uses-permission#android.permission.WRITE_EXTERNAL_STORAGE
ADDED from src/main/AndroidManifest.xml:34:5-81
	android:name
		ADDED from src/main/AndroidManifest.xml:34:22-78
uses-permission#android.permission.VIBRATE
ADDED from src/main/AndroidManifest.xml:35:5-66
	android:name
		ADDED from src/main/AndroidManifest.xml:35:22-63
uses-permission#android.permission.ACCESS_FINE_LOCATION
ADDED from src/main/AndroidManifest.xml:38:5-79
	android:name
		ADDED from src/main/AndroidManifest.xml:38:22-76
uses-permission#android.permission.ACCESS_COARSE_LOCATION
ADDED from src/main/AndroidManifest.xml:39:5-81
	android:name
		ADDED from src/main/AndroidManifest.xml:39:22-78
uses-permission#android.permission.SYSTEM_ALERT_WINDOW
ADDED from src/main/AndroidManifest.xml:41:5-78
	android:name
		ADDED from src/main/AndroidManifest.xml:41:22-75
uses-permission#getui.permission.GetuiService.neusoft.duanxudong.com.classdemo
ADDED from src/main/AndroidManifest.xml:43:5-102
	android:name
		ADDED from src/main/AndroidManifest.xml:43:22-99
permission#getui.permission.GetuiService.neusoft.duanxudong.com.classdemo
ADDED from src/main/AndroidManifest.xml:44:5-46:44
	android:protectionLevel
		ADDED from src/main/AndroidManifest.xml:46:9-41
	android:name
		ADDED from src/main/AndroidManifest.xml:45:9-86
application
ADDED from src/main/AndroidManifest.xml:49:5-269:19
MERGED from [com.android.support:support-v4:23.4.0] AndroidManifest.xml:22:5-20
MERGED from [com.android.support:appcompat-v7:23.4.0] AndroidManifest.xml:25:5-20
MERGED from [com.android.support:animated-vector-drawable:23.4.0] AndroidManifest.xml:7:5-20
MERGED from [com.android.support:support-vector-drawable:23.4.0] AndroidManifest.xml:7:5-20
MERGED from [com.android.support:support-v4:23.4.0] AndroidManifest.xml:22:5-20
MERGED from [com.android.support:support-v4:23.4.0] AndroidManifest.xml:22:5-20
MERGED from [com.android.support:support-vector-drawable:23.4.0] AndroidManifest.xml:7:5-20
MERGED from [com.android.support:support-v4:23.4.0] AndroidManifest.xml:22:5-20
MERGED from [com.android.support:design:23.4.0] AndroidManifest.xml:22:5-20
MERGED from [com.android.support:support-v4:23.4.0] AndroidManifest.xml:22:5-20
MERGED from [com.android.support:appcompat-v7:23.4.0] AndroidManifest.xml:25:5-20
MERGED from [com.android.support:animated-vector-drawable:23.4.0] AndroidManifest.xml:7:5-20
MERGED from [com.android.support:support-vector-drawable:23.4.0] AndroidManifest.xml:7:5-20
MERGED from [com.android.support:support-v4:23.4.0] AndroidManifest.xml:22:5-20
MERGED from [com.android.support:support-v4:23.4.0] AndroidManifest.xml:22:5-20
MERGED from [com.android.support:support-vector-drawable:23.4.0] AndroidManifest.xml:7:5-20
MERGED from [com.android.support:support-v4:23.4.0] AndroidManifest.xml:22:5-20
MERGED from [com.android.support:support-v4:23.4.0] AndroidManifest.xml:22:5-20
MERGED from [com.android.support:appcompat-v7:23.4.0] AndroidManifest.xml:25:5-20
MERGED from [com.android.support:animated-vector-drawable:23.4.0] AndroidManifest.xml:7:5-20
MERGED from [com.android.support:support-vector-drawable:23.4.0] AndroidManifest.xml:7:5-20
MERGED from [com.android.support:support-v4:23.4.0] AndroidManifest.xml:22:5-20
MERGED from [com.android.support:support-v4:23.4.0] AndroidManifest.xml:22:5-20
MERGED from [com.android.support:support-vector-drawable:23.4.0] AndroidManifest.xml:7:5-20
MERGED from [com.android.support:support-v4:23.4.0] AndroidManifest.xml:22:5-20
MERGED from [com.android.support:support-v4:23.4.0] AndroidManifest.xml:22:5-20
MERGED from [com.android.support:support-v13:22.2.1] AndroidManifest.xml:22:5-20
MERGED from [com.android.support:support-v4:23.4.0] AndroidManifest.xml:22:5-20
MERGED from [in.srain.cube:ultra-ptr:1.0.10] AndroidManifest.xml:11:5-20
MERGED from [com.android.support:support-v4:23.4.0] AndroidManifest.xml:22:5-20
MERGED from [:SMSSDK-2.0.2:] AndroidManifest.xml:11:5-12:19
MERGED from [:SMSSDKGUI-2.0.2:] AndroidManifest.xml:11:5-12:19
MERGED from [fm.jiecao:jiecaovideoplayer:3.6.1] AndroidManifest.xml:13:5-20:19
MERGED from [com.github.afollestad.material-dialogs:core:0.8.5.8] AndroidManifest.xml:13:5-20
MERGED from [com.android.support:support-v4:23.4.0] AndroidManifest.xml:22:5-20
MERGED from [com.android.support:appcompat-v7:23.4.0] AndroidManifest.xml:25:5-20
MERGED from [com.android.support:animated-vector-drawable:23.4.0] AndroidManifest.xml:7:5-20
MERGED from [com.android.support:support-vector-drawable:23.4.0] AndroidManifest.xml:7:5-20
MERGED from [com.android.support:support-v4:23.4.0] AndroidManifest.xml:22:5-20
MERGED from [com.android.support:support-v4:23.4.0] AndroidManifest.xml:22:5-20
MERGED from [com.android.support:support-vector-drawable:23.4.0] AndroidManifest.xml:7:5-20
MERGED from [com.android.support:support-v4:23.4.0] AndroidManifest.xml:22:5-20
MERGED from [com.android.support:support-v4:23.4.0] AndroidManifest.xml:22:5-20
MERGED from [com.android.support:appcompat-v7:23.4.0] AndroidManifest.xml:25:5-20
MERGED from [com.android.support:animated-vector-drawable:23.4.0] AndroidManifest.xml:7:5-20
MERGED from [com.android.support:support-vector-drawable:23.4.0] AndroidManifest.xml:7:5-20
MERGED from [com.android.support:support-v4:23.4.0] AndroidManifest.xml:22:5-20
MERGED from [com.android.support:support-v4:23.4.0] AndroidManifest.xml:22:5-20
MERGED from [com.android.support:support-vector-drawable:23.4.0] AndroidManifest.xml:7:5-20
MERGED from [com.android.support:support-v4:23.4.0] AndroidManifest.xml:22:5-20
MERGED from [com.android.support:cardview-v7:23.4.0] AndroidManifest.xml:22:5-20
MERGED from [uk.co.chrisjenx:calligraphy:2.1.0] AndroidManifest.xml:11:5-20
MERGED from [com.android.support:appcompat-v7:23.4.0] AndroidManifest.xml:25:5-20
MERGED from [com.android.support:animated-vector-drawable:23.4.0] AndroidManifest.xml:7:5-20
MERGED from [com.android.support:support-vector-drawable:23.4.0] AndroidManifest.xml:7:5-20
MERGED from [com.android.support:support-v4:23.4.0] AndroidManifest.xml:22:5-20
MERGED from [com.android.support:support-v4:23.4.0] AndroidManifest.xml:22:5-20
MERGED from [com.android.support:support-vector-drawable:23.4.0] AndroidManifest.xml:7:5-20
MERGED from [com.android.support:support-v4:23.4.0] AndroidManifest.xml:22:5-20
MERGED from [com.liulishuo.filedownloader:library:0.2.3] AndroidManifest.xml:11:5-15:19
MERGED from [com.android.support:support-v4:23.4.0] AndroidManifest.xml:22:5-20
MERGED from [com.android.support:support-v4:23.4.0] AndroidManifest.xml:22:5-20
	android:label
		ADDED from src/main/AndroidManifest.xml:54:9-41
	android:supportsRtl
		ADDED from [fm.jiecao:jiecaovideoplayer:3.6.1] AndroidManifest.xml:15:9-35
	android:hardwareAccelerated
		ADDED from src/main/AndroidManifest.xml:52:9-43
	android:launchMode
		ADDED from src/main/AndroidManifest.xml:55:9-40
	android:allowBackup
		ADDED from src/main/AndroidManifest.xml:51:9-35
	android:icon
		ADDED from src/main/AndroidManifest.xml:53:9-43
	android:minSdkVersion
		ADDED from src/main/AndroidManifest.xml:56:9-35
	android:theme
		ADDED from src/main/AndroidManifest.xml:57:9-61
	tools:replace
		ADDED from src/main/AndroidManifest.xml:58:9-38
	android:name
		ADDED from src/main/AndroidManifest.xml:50:9-47
meta-data#PUSH_APPID
ADDED from src/main/AndroidManifest.xml:62:9-64:54
	android:value
		ADDED from src/main/AndroidManifest.xml:64:13-51
	android:name
		ADDED from src/main/AndroidManifest.xml:63:13-38
meta-data#PUSH_APPKEY
ADDED from src/main/AndroidManifest.xml:65:9-67:54
	android:value
		ADDED from src/main/AndroidManifest.xml:67:13-51
	android:name
		ADDED from src/main/AndroidManifest.xml:66:13-39
meta-data#PUSH_APPSECRET
ADDED from src/main/AndroidManifest.xml:68:9-70:54
	android:value
		ADDED from src/main/AndroidManifest.xml:70:13-51
	android:name
		ADDED from src/main/AndroidManifest.xml:69:13-42
service#com.igexin.sdk.PushService
ADDED from src/main/AndroidManifest.xml:73:9-77:46
	android:process
		ADDED from src/main/AndroidManifest.xml:77:13-43
	android:label
		ADDED from src/main/AndroidManifest.xml:76:13-47
	android:exported
		ADDED from src/main/AndroidManifest.xml:75:13-36
	android:name
		ADDED from src/main/AndroidManifest.xml:74:13-54
service#com.igexin.sdk.PushServiceUser
ADDED from src/main/AndroidManifest.xml:78:9-82:54
	android:label
		ADDED from src/main/AndroidManifest.xml:82:13-51
	android:exported
		ADDED from src/main/AndroidManifest.xml:80:13-36
	android:name
		ADDED from src/main/AndroidManifest.xml:79:13-58
receiver#com.igexin.sdk.PushReceiver
ADDED from src/main/AndroidManifest.xml:84:9-95:20
	android:name
		ADDED from src/main/AndroidManifest.xml:84:19-61
intent-filter#android.intent.action.ACTION_POWER_CONNECTED+android.intent.action.ACTION_POWER_DISCONNECTED+android.intent.action.BOOT_COMPLETED+android.intent.action.MEDIA_MOUNTED+android.intent.action.USER_PRESENT+android.net.conn.CONNECTIVITY_CHANGE+com.igexin.sdk.action.refreshls
ADDED from src/main/AndroidManifest.xml:85:13-94:29
action#android.intent.action.BOOT_COMPLETED
ADDED from src/main/AndroidManifest.xml:86:17-79
	android:name
		ADDED from src/main/AndroidManifest.xml:86:25-76
action#android.net.conn.CONNECTIVITY_CHANGE
ADDED from src/main/AndroidManifest.xml:87:17-79
	android:name
		ADDED from src/main/AndroidManifest.xml:87:25-76
action#android.intent.action.USER_PRESENT
ADDED from src/main/AndroidManifest.xml:88:17-77
	android:name
		ADDED from src/main/AndroidManifest.xml:88:25-74
action#com.igexin.sdk.action.refreshls
ADDED from src/main/AndroidManifest.xml:89:17-74
	android:name
		ADDED from src/main/AndroidManifest.xml:89:25-71
action#android.intent.action.MEDIA_MOUNTED
ADDED from src/main/AndroidManifest.xml:91:17-78
	android:name
		ADDED from src/main/AndroidManifest.xml:91:25-75
action#android.intent.action.ACTION_POWER_CONNECTED
ADDED from src/main/AndroidManifest.xml:92:17-87
	android:name
		ADDED from src/main/AndroidManifest.xml:92:25-84
action#android.intent.action.ACTION_POWER_DISCONNECTED
ADDED from src/main/AndroidManifest.xml:93:17-90
	android:name
		ADDED from src/main/AndroidManifest.xml:93:25-87
receiver#com.igexin.sdk.PushManagerReceiver
ADDED from src/main/AndroidManifest.xml:97:9-103:20
	android:exported
		ADDED from src/main/AndroidManifest.xml:99:13-37
	android:name
		ADDED from src/main/AndroidManifest.xml:98:13-62
intent-filter#com.igexin.sdk.action.pushmanager
ADDED from src/main/AndroidManifest.xml:100:13-102:29
action#com.igexin.sdk.action.pushmanager
ADDED from src/main/AndroidManifest.xml:101:17-76
	android:name
		ADDED from src/main/AndroidManifest.xml:101:25-73
activity#neusoft.duanxudong.com.classdemo.activity.ProjectActivity
ADDED from src/main/AndroidManifest.xml:105:9-62
	android:name
		ADDED from src/main/AndroidManifest.xml:105:19-59
activity#com.igexin.sdk.PushActivity
ADDED from src/main/AndroidManifest.xml:106:9-112:75
	android:process
		ADDED from src/main/AndroidManifest.xml:110:13-43
	android:excludeFromRecents
		ADDED from src/main/AndroidManifest.xml:108:13-46
	android:exported
		ADDED from src/main/AndroidManifest.xml:109:13-37
	android:theme
		ADDED from src/main/AndroidManifest.xml:112:13-72
	android:taskAffinity
		ADDED from src/main/AndroidManifest.xml:111:13-67
	android:name
		ADDED from src/main/AndroidManifest.xml:107:13-55
activity#neusoft.duanxudong.com.classdemo.activity.InfoActivity
ADDED from src/main/AndroidManifest.xml:113:9-59
	android:name
		ADDED from src/main/AndroidManifest.xml:113:19-56
activity#com.igexin.sdk.GActivity
ADDED from src/main/AndroidManifest.xml:114:9-120:75
	android:process
		ADDED from src/main/AndroidManifest.xml:118:13-43
	android:excludeFromRecents
		ADDED from src/main/AndroidManifest.xml:116:13-46
	android:exported
		ADDED from src/main/AndroidManifest.xml:117:13-36
	android:theme
		ADDED from src/main/AndroidManifest.xml:120:13-72
	android:taskAffinity
		ADDED from src/main/AndroidManifest.xml:119:13-67
	android:name
		ADDED from src/main/AndroidManifest.xml:115:13-52
service#com.igexin.download.DownloadService
ADDED from src/main/AndroidManifest.xml:122:9-124:46
	android:process
		ADDED from src/main/AndroidManifest.xml:124:13-43
	android:name
		ADDED from src/main/AndroidManifest.xml:123:13-63
receiver#com.igexin.download.DownloadReceiver
ADDED from src/main/AndroidManifest.xml:126:9-130:20
	android:name
		ADDED from src/main/AndroidManifest.xml:126:19-70
intent-filter#android.net.conn.CONNECTIVITY_CHANGE
ADDED from src/main/AndroidManifest.xml:127:13-129:29
provider#com.igexin.download.DownloadProvider
ADDED from src/main/AndroidManifest.xml:132:9-136:46
	android:authorities
		ADDED from src/main/AndroidManifest.xml:134:13-77
	android:process
		ADDED from src/main/AndroidManifest.xml:136:13-43
	android:exported
		ADDED from src/main/AndroidManifest.xml:135:13-36
	android:name
		ADDED from src/main/AndroidManifest.xml:133:13-64
activity#com.igexin.getuiext.activity.GetuiExtActivity
ADDED from src/main/AndroidManifest.xml:138:9-145:75
	android:process
		ADDED from src/main/AndroidManifest.xml:143:13-43
	android:excludeFromRecents
		ADDED from src/main/AndroidManifest.xml:141:13-46
	android:exported
		ADDED from src/main/AndroidManifest.xml:142:13-37
	android:configChanges
		ADDED from src/main/AndroidManifest.xml:140:13-72
	android:theme
		ADDED from src/main/AndroidManifest.xml:145:13-72
	android:taskAffinity
		ADDED from src/main/AndroidManifest.xml:144:13-62
	android:name
		ADDED from src/main/AndroidManifest.xml:139:13-73
receiver#com.igexin.getuiext.service.PayloadReceiver
ADDED from src/main/AndroidManifest.xml:147:9-154:20
	android:exported
		ADDED from src/main/AndroidManifest.xml:149:13-37
	android:name
		ADDED from src/main/AndroidManifest.xml:148:13-71
intent-filter#com.igexin.sdk.action.7fjUl2Z3LH6xYy7NQK4ni4+com.igexin.sdk.action.eIL8rrIhCg5ENrErEn1v74
ADDED from src/main/AndroidManifest.xml:150:13-153:29
action#com.igexin.sdk.action.7fjUl2Z3LH6xYy7NQK4ni4
ADDED from src/main/AndroidManifest.xml:151:17-87
	android:name
		ADDED from src/main/AndroidManifest.xml:151:25-84
action#com.igexin.sdk.action.eIL8rrIhCg5ENrErEn1v74
ADDED from src/main/AndroidManifest.xml:152:17-87
	android:name
		ADDED from src/main/AndroidManifest.xml:152:25-84
service#com.igexin.getuiext.service.GetuiExtService
ADDED from src/main/AndroidManifest.xml:156:9-158:46
	android:process
		ADDED from src/main/AndroidManifest.xml:158:13-43
	android:name
		ADDED from src/main/AndroidManifest.xml:157:13-71
activity#neusoft.duanxudong.com.classdemo.activity.HomeActivity
ADDED from src/main/AndroidManifest.xml:161:9-165:20
	android:name
		ADDED from src/main/AndroidManifest.xml:161:19-56
activity#neusoft.duanxudong.com.classdemo.activity.ClassesActivity
ADDED from src/main/AndroidManifest.xml:166:9-170:15
	android:label
		ADDED from src/main/AndroidManifest.xml:168:13-54
	android:name
		ADDED from src/main/AndroidManifest.xml:167:13-53
activity#neusoft.duanxudong.com.classdemo.base.BaseActivity
ADDED from src/main/AndroidManifest.xml:171:9-55
	android:name
		ADDED from src/main/AndroidManifest.xml:171:19-52
activity#neusoft.duanxudong.com.classdemo.activity.QuesstionActivity
ADDED from src/main/AndroidManifest.xml:174:9-176:59
	android:label
		ADDED from src/main/AndroidManifest.xml:176:13-56
	android:name
		ADDED from src/main/AndroidManifest.xml:175:13-55
activity#neusoft.duanxudong.com.classdemo.activity.MaterialActivity
ADDED from src/main/AndroidManifest.xml:178:9-180:55
	android:label
		ADDED from src/main/AndroidManifest.xml:180:13-52
	android:name
		ADDED from src/main/AndroidManifest.xml:179:13-54
activity#neusoft.duanxudong.com.classdemo.activity.MeActivity
ADDED from src/main/AndroidManifest.xml:183:9-185:13
	android:name
		ADDED from src/main/AndroidManifest.xml:184:13-48
activity#neusoft.duanxudong.com.classdemo.activity.CollectionActivity
ADDED from src/main/AndroidManifest.xml:188:9-190:15
	android:name
		ADDED from src/main/AndroidManifest.xml:188:19-62
activity#neusoft.duanxudong.com.classdemo.activity.ExamActivity
ADDED from src/main/AndroidManifest.xml:191:9-193:56
	android:label
		ADDED from src/main/AndroidManifest.xml:193:13-53
	android:name
		ADDED from src/main/AndroidManifest.xml:192:13-50
activity#neusoft.duanxudong.com.classdemo.activity.AskActivity
ADDED from src/main/AndroidManifest.xml:194:9-197:10
	android:label
		ADDED from src/main/AndroidManifest.xml:196:13-45
	android:name
		ADDED from src/main/AndroidManifest.xml:195:13-49
activity#neusoft.duanxudong.com.classdemo.activity.PlayerActivity
ADDED from src/main/AndroidManifest.xml:198:9-202:52
	android:screenOrientation
		ADDED from src/main/AndroidManifest.xml:202:13-49
	android:label
		ADDED from src/main/AndroidManifest.xml:200:13-58
	android:launchMode
		ADDED from src/main/AndroidManifest.xml:201:13-44
	android:name
		ADDED from src/main/AndroidManifest.xml:199:13-52
activity#neusoft.duanxudong.com.classdemo.activity.LeadActivity
ADDED from src/main/AndroidManifest.xml:204:9-216:20
	android:name
		ADDED from src/main/AndroidManifest.xml:205:13-50
intent-filter#android.intent.action.MAIN+android.intent.category.LAUNCHER
ADDED from src/main/AndroidManifest.xml:210:13-214:29
action#android.intent.action.MAIN
ADDED from src/main/AndroidManifest.xml:211:17-69
	android:name
		ADDED from src/main/AndroidManifest.xml:211:25-66
category#android.intent.category.LAUNCHER
ADDED from src/main/AndroidManifest.xml:213:17-77
	android:name
		ADDED from src/main/AndroidManifest.xml:213:27-74
activity#neusoft.duanxudong.com.classdemo.activity.Activity_Post
ADDED from src/main/AndroidManifest.xml:217:9-59
	android:name
		ADDED from src/main/AndroidManifest.xml:217:19-57
activity#neusoft.duanxudong.com.classdemo.activity.ProjectInfo
ADDED from src/main/AndroidManifest.xml:218:9-57
	android:name
		ADDED from src/main/AndroidManifest.xml:218:19-55
activity#neusoft.duanxudong.com.classdemo.activity.VideoExampleActivity
ADDED from src/main/AndroidManifest.xml:219:9-221:116
	android:configChanges
		ADDED from src/main/AndroidManifest.xml:221:13-113
	android:name
		ADDED from src/main/AndroidManifest.xml:220:13-58
activity#neusoft.duanxudong.com.classdemo.activity.AskItemMore
ADDED from src/main/AndroidManifest.xml:223:9-58
	android:name
		ADDED from src/main/AndroidManifest.xml:223:19-55
activity#neusoft.duanxudong.com.classdemo.activity.LoginActivity
ADDED from src/main/AndroidManifest.xml:224:9-60
	android:name
		ADDED from src/main/AndroidManifest.xml:224:19-57
activity#neusoft.duanxudong.com.classdemo.activity.Askinstance
ADDED from src/main/AndroidManifest.xml:225:9-58
	android:name
		ADDED from src/main/AndroidManifest.xml:225:19-55
activity#neusoft.duanxudong.com.classdemo.activity.DoAnswer
ADDED from src/main/AndroidManifest.xml:226:9-55
	android:name
		ADDED from src/main/AndroidManifest.xml:226:19-52
activity#neusoft.duanxudong.com.classdemo.activity.Register
ADDED from src/main/AndroidManifest.xml:227:9-55
	android:name
		ADDED from src/main/AndroidManifest.xml:227:19-52
activity#neusoft.duanxudong.com.classdemo.activity.Simu_kaoshi
ADDED from src/main/AndroidManifest.xml:228:9-58
	android:name
		ADDED from src/main/AndroidManifest.xml:228:19-55
activity#neusoft.duanxudong.com.classdemo.activity.DownloadActivity
ADDED from src/main/AndroidManifest.xml:229:9-63
	android:name
		ADDED from src/main/AndroidManifest.xml:229:19-60
activity#neusoft.duanxudong.com.classdemo.activity.AdviceActivity
ADDED from src/main/AndroidManifest.xml:230:9-61
	android:name
		ADDED from src/main/AndroidManifest.xml:230:19-58
activity#com.mob.tools.MobUIShell
ADDED from src/main/AndroidManifest.xml:233:9-253:20
	android:screenOrientation
		ADDED from src/main/AndroidManifest.xml:236:13-49
	android:windowSoftInputMode
		ADDED from src/main/AndroidManifest.xml:238:13-67
	android:configChanges
		ADDED from src/main/AndroidManifest.xml:235:13-74
	android:theme
		ADDED from src/main/AndroidManifest.xml:237:13-72
	android:name
		ADDED from src/main/AndroidManifest.xml:234:13-52
intent-filter#android.intent.action.VIEW+android.intent.category.BROWSABLE+android.intent.category.DEFAULT
ADDED from src/main/AndroidManifest.xml:240:13-246:29
data
ADDED from src/main/AndroidManifest.xml:241:17-60
	android:scheme
		ADDED from src/main/AndroidManifest.xml:241:23-57
action#android.intent.action.VIEW
ADDED from src/main/AndroidManifest.xml:242:17-69
	android:name
		ADDED from src/main/AndroidManifest.xml:242:25-66
category#android.intent.category.BROWSABLE
ADDED from src/main/AndroidManifest.xml:244:17-78
	android:name
		ADDED from src/main/AndroidManifest.xml:244:27-75
category#android.intent.category.DEFAULT
ADDED from src/main/AndroidManifest.xml:245:17-76
	android:name
		ADDED from src/main/AndroidManifest.xml:245:27-73
intent-filter#android.intent.category.DEFAULT+com.sina.weibo.sdk.action.ACTION_SDK_REQ_ACTIVITY
ADDED from src/main/AndroidManifest.xml:249:13-252:29
action#com.sina.weibo.sdk.action.ACTION_SDK_REQ_ACTIVITY
ADDED from src/main/AndroidManifest.xml:250:17-92
	android:name
		ADDED from src/main/AndroidManifest.xml:250:25-89
activity#neusoft.duanxudong.com.classdemo.wxapi.WXEntryActivity
ADDED from src/main/AndroidManifest.xml:257:9-264:75
	android:screenOrientation
		ADDED from src/main/AndroidManifest.xml:263:13-49
	android:label
		ADDED from src/main/AndroidManifest.xml:262:13-45
	android:exported
		ADDED from src/main/AndroidManifest.xml:261:13-36
	android:configChanges
		ADDED from src/main/AndroidManifest.xml:260:13-74
	android:theme
		ADDED from src/main/AndroidManifest.xml:264:13-72
	android:name
		ADDED from src/main/AndroidManifest.xml:258:13-82
activity#neusoft.duanxudong.com.classdemo.activity.MeJoinedProject
ADDED from src/main/AndroidManifest.xml:267:9-62
	android:name
		ADDED from src/main/AndroidManifest.xml:267:19-59
activity#neusoft.duanxudong.com.classdemo.activity.LookHis
ADDED from src/main/AndroidManifest.xml:268:9-53
	android:name
		ADDED from src/main/AndroidManifest.xml:268:19-51
supports-screens
ADDED from src/main/AndroidManifest.xml:273:5-277:39
	android:largeScreens
		ADDED from src/main/AndroidManifest.xml:275:9-36
	android:smallScreens
		ADDED from src/main/AndroidManifest.xml:277:9-36
	android:normalScreens
		ADDED from src/main/AndroidManifest.xml:276:9-37
	android:anyDensity
		ADDED from src/main/AndroidManifest.xml:274:9-34
uses-sdk
INJECTED from src/main/AndroidManifest.xml reason: use-sdk injection requested
MERGED from [com.android.support:multidex:1.0.1] AndroidManifest.xml:18:5-42
MERGED from [com.android.support:support-v4:23.4.0] AndroidManifest.xml:20:5-43
MERGED from [com.android.support:appcompat-v7:23.4.0] AndroidManifest.xml:21:5-23:78
MERGED from [com.android.support:animated-vector-drawable:23.4.0] AndroidManifest.xml:5:5-44
MERGED from [com.android.support:support-vector-drawable:23.4.0] AndroidManifest.xml:5:5-43
MERGED from [com.android.support:support-v4:23.4.0] AndroidManifest.xml:20:5-43
MERGED from [com.android.support:support-v4:23.4.0] AndroidManifest.xml:20:5-43
MERGED from [com.android.support:support-vector-drawable:23.4.0] AndroidManifest.xml:5:5-43
MERGED from [com.android.support:support-v4:23.4.0] AndroidManifest.xml:20:5-43
MERGED from [com.android.support:design:23.4.0] AndroidManifest.xml:20:5-43
MERGED from [com.android.support:recyclerview-v7:23.4.0] AndroidManifest.xml:20:5-43
MERGED from [com.android.support:support-v4:23.4.0] AndroidManifest.xml:20:5-43
MERGED from [com.android.support:appcompat-v7:23.4.0] AndroidManifest.xml:21:5-23:78
MERGED from [com.android.support:animated-vector-drawable:23.4.0] AndroidManifest.xml:5:5-44
MERGED from [com.android.support:support-vector-drawable:23.4.0] AndroidManifest.xml:5:5-43
MERGED from [com.android.support:support-v4:23.4.0] AndroidManifest.xml:20:5-43
MERGED from [com.android.support:support-v4:23.4.0] AndroidManifest.xml:20:5-43
MERGED from [com.android.support:support-vector-drawable:23.4.0] AndroidManifest.xml:5:5-43
MERGED from [com.android.support:support-v4:23.4.0] AndroidManifest.xml:20:5-43
MERGED from [com.android.support:support-v4:23.4.0] AndroidManifest.xml:20:5-43
MERGED from [com.marshalchen.ultimaterecyclerview:library:0.4.0] AndroidManifest.xml:7:5-9:41
MERGED from [com.android.support:appcompat-v7:23.4.0] AndroidManifest.xml:21:5-23:78
MERGED from [com.android.support:animated-vector-drawable:23.4.0] AndroidManifest.xml:5:5-44
MERGED from [com.android.support:support-vector-drawable:23.4.0] AndroidManifest.xml:5:5-43
MERGED from [com.android.support:support-v4:23.4.0] AndroidManifest.xml:20:5-43
MERGED from [com.android.support:support-v4:23.4.0] AndroidManifest.xml:20:5-43
MERGED from [com.android.support:support-vector-drawable:23.4.0] AndroidManifest.xml:5:5-43
MERGED from [com.android.support:support-v4:23.4.0] AndroidManifest.xml:20:5-43
MERGED from [com.android.support:recyclerview-v7:23.4.0] AndroidManifest.xml:20:5-43
MERGED from [com.android.support:support-v4:23.4.0] AndroidManifest.xml:20:5-43
MERGED from [com.android.support:support-v13:22.2.1] AndroidManifest.xml:20:5-44
MERGED from [com.android.support:support-v4:23.4.0] AndroidManifest.xml:20:5-43
MERGED from [in.srain.cube:ultra-ptr:1.0.10] AndroidManifest.xml:7:5-9:41
MERGED from [com.android.support:recyclerview-v7:23.4.0] AndroidManifest.xml:20:5-43
MERGED from [com.android.support:support-v4:23.4.0] AndroidManifest.xml:20:5-43
MERGED from [:SMSSDK-2.0.2:] AndroidManifest.xml:7:5-9:41
MERGED from [:SMSSDKGUI-2.0.2:] AndroidManifest.xml:7:5-9:41
MERGED from [fm.jiecao:jiecaovideoplayer:3.6.1] AndroidManifest.xml:7:5-9:41
MERGED from [jp.wasabeef:glide-transformations:2.0.0] AndroidManifest.xml:8:5-10:41
MERGED from [com.github.afollestad.material-dialogs:core:0.8.5.8] AndroidManifest.xml:8:5-11:75
MERGED from [com.android.support:recyclerview-v7:23.4.0] AndroidManifest.xml:20:5-43
MERGED from [com.android.support:support-v4:23.4.0] AndroidManifest.xml:20:5-43
MERGED from [me.zhanghai.android.materialprogressbar:library:1.1.5] AndroidManifest.xml:12:5-14:41